Traceback (most recent call last):
  File "/Users/casp/miniconda3/envs/missionbio.mosaic/lib/python3.10/site-packages/jupyter_cache/executors/utils.py", line 58, in single_nb_execution
    executenb(
  File "/Users/casp/miniconda3/envs/missionbio.mosaic/lib/python3.10/site-packages/nbclient/client.py", line 1305, in execute
    return NotebookClient(nb=nb, resources=resources, km=km, **kwargs).execute()
  File "/Users/casp/miniconda3/envs/missionbio.mosaic/lib/python3.10/site-packages/jupyter_core/utils/__init__.py", line 165, in wrapped
    return loop.run_until_complete(inner)
  File "/Users/casp/miniconda3/envs/missionbio.mosaic/lib/python3.10/asyncio/base_events.py", line 649, in run_until_complete
    return future.result()
  File "/Users/casp/miniconda3/envs/missionbio.mosaic/lib/python3.10/site-packages/nbclient/client.py", line 705, in async_execute
    await self.async_execute_cell(
  File "/Users/casp/miniconda3/envs/missionbio.mosaic/lib/python3.10/site-packages/nbclient/client.py", line 1058, in async_execute_cell
    await self._check_raise_for_error(cell, cell_index, exec_reply)
  File "/Users/casp/miniconda3/envs/missionbio.mosaic/lib/python3.10/site-packages/nbclient/client.py", line 914, in _check_raise_for_error
    raise CellExecutionError.from_cell_and_msg(cell, exec_reply_content)
nbclient.exceptions.CellExecutionError: An error occurred while executing the following cell:
------------------
ms.save(sample, './basics.analyzed.h5', mode="w")
------------------


[0;31m---------------------------------------------------------------------------[0m
[0;31mAssertionError[0m                            Traceback (most recent call last)
Cell [0;32mIn[46], line 1[0m
[0;32m----> 1[0m [43mms[49m[38;5;241;43m.[39;49m[43msave[49m[43m([49m[43msample[49m[43m,[49m[43m [49m[38;5;124;43m'[39;49m[38;5;124;43m./basics.analyzed.h5[39;49m[38;5;124;43m'[39;49m[43m,[49m[43m [49m[43mmode[49m[38;5;241;43m=[39;49m[38;5;124;43m"[39;49m[38;5;124;43mw[39;49m[38;5;124;43m"[39;49m[43m)[49m

File [0;32m~/Documents/code/repos/mosaic/src/missionbio/mosaic/io.py:294[0m, in [0;36msave[0;34m(sample, path, raw, mode)[0m
[1;32m    273[0m [38;5;28;01mdef[39;00m[38;5;250m [39m[38;5;21msave[39m(sample: Union[Sample, SampleGroup], path: Any, raw: [38;5;28mbool[39m [38;5;241m=[39m [38;5;28;01mFalse[39;00m, mode: [38;5;28mstr[39m [38;5;241m=[39m [38;5;124m"[39m[38;5;124mw-[39m[38;5;124m"[39m) [38;5;241m-[39m[38;5;241m>[39m [38;5;28;01mNone[39;00m:
[1;32m    274[0m [38;5;250m    [39m[38;5;124;03m"""[39;00m
[1;32m    275[0m [38;5;124;03m    Save the analyzed sample as .h5.[39;00m
[1;32m    276[0m 
[0;32m   (...)[0m
[1;32m    291[0m [38;5;124;03m            a   Read/write if exists, create otherwise[39;00m
[1;32m    292[0m [38;5;124;03m    """[39;00m
[0;32m--> 294[0m     [38;5;28;01massert[39;00m [38;5;28misinstance[39m(sample, (Sample, SampleGroup)), [38;5;124m"[39m[38;5;124mCurrently only the Sample and SampleGroup objects can be saved.[39m[38;5;124m"[39m
[1;32m    296[0m     [38;5;28;01mif[39;00m [38;5;28misinstance[39m(sample, SampleGroup):
[1;32m    297[0m         warnings[38;5;241m.[39mwarn([38;5;124m"[39m[38;5;124mMerging samples before saving. This appends the sample-name to the barcodes.[39m[38;5;124m"[39m)

[0;31mAssertionError[0m: Currently only the Sample and SampleGroup objects can be saved.

